0 info it worked if it ends with ok
1 verbose cli [ '/usr/local/bin/node', '/usr/local/bin/npm', 'run', 'e2e' ]
2 info using npm@3.10.3
3 info using node@v6.5.0
4 verbose run-script [ 'pree2e', 'e2e', 'poste2e' ]
5 info lifecycle angular2-starter@1.0.0-rc.6~pree2e: angular2-starter@1.0.0-rc.6
6 silly lifecycle angular2-starter@1.0.0-rc.6~pree2e: no script for pree2e, continuing
7 info lifecycle angular2-starter@1.0.0-rc.6~e2e: angular2-starter@1.0.0-rc.6
8 verbose lifecycle angular2-starter@1.0.0-rc.6~e2e: unsafe-perm in lifecycle true
9 verbose lifecycle angular2-starter@1.0.0-rc.6~e2e: PATH: /usr/local/lib/node_modules/npm/bin/node-gyp-bin:/Users/rgrnwd/Documents/Projects/SCB/angular2-starter/node_modules/.bin:/usr/local/bin:/Users/rgrnwd/.rvm/gems/ruby-2.3.0/bin:/Users/rgrnwd/.rvm/gems/ruby-2.3.0@global/bin:/Users/rgrnwd/.rvm/rubies/ruby-2.3.0/bin:/usr/local/bin:/usr/bin:/bin:/usr/sbin:/sbin:/Library/Frameworks/Mono.framework/Versions/Current/Commands:/Users/rgrnwd/mongo/bin:/usr/local/bin:/usr/local/bin/npm:/Users/rgrnwd/.npm-packages/lib/node_modules:/Users/rgrnwd/.rvm/bin
10 verbose lifecycle angular2-starter@1.0.0-rc.6~e2e: CWD: /Users/rgrnwd/Documents/Projects/SCB/angular2-starter
11 silly lifecycle angular2-starter@1.0.0-rc.6~e2e: Args: [ '-c', 'gulp e2e' ]
12 silly lifecycle angular2-starter@1.0.0-rc.6~e2e: Returned: code: 1  signal: null
13 info lifecycle angular2-starter@1.0.0-rc.6~e2e: Failed to exec e2e script
14 verbose stack Error: angular2-starter@1.0.0-rc.6 e2e: `gulp e2e`
14 verbose stack Exit status 1
14 verbose stack     at EventEmitter.<anonymous> (/usr/local/lib/node_modules/npm/lib/utils/lifecycle.js:242:16)
14 verbose stack     at emitTwo (events.js:106:13)
14 verbose stack     at EventEmitter.emit (events.js:191:7)
14 verbose stack     at ChildProcess.<anonymous> (/usr/local/lib/node_modules/npm/lib/utils/spawn.js:40:14)
14 verbose stack     at emitTwo (events.js:106:13)
14 verbose stack     at ChildProcess.emit (events.js:191:7)
14 verbose stack     at maybeClose (internal/child_process.js:877:16)
14 verbose stack     at Process.ChildProcess._handle.onexit (internal/child_process.js:226:5)
15 verbose pkgid angular2-starter@1.0.0-rc.6
16 verbose cwd /Users/rgrnwd/Documents/Projects/SCB/angular2-starter
17 error Darwin 15.6.0
18 error argv "/usr/local/bin/node" "/usr/local/bin/npm" "run" "e2e"
19 error node v6.5.0
20 error npm  v3.10.3
21 error code ELIFECYCLE
22 error angular2-starter@1.0.0-rc.6 e2e: `gulp e2e`
22 error Exit status 1
23 error Failed at the angular2-starter@1.0.0-rc.6 e2e script 'gulp e2e'.
23 error Make sure you have the latest version of node.js and npm installed.
23 error If you do, this is most likely a problem with the angular2-starter package,
23 error not with npm itself.
23 error Tell the author that this fails on your system:
23 error     gulp e2e
23 error You can get information on how to open an issue for this project with:
23 error     npm bugs angular2-starter
23 error Or if that isn't available, you can get their info via:
23 error     npm owner ls angular2-starter
23 error There is likely additional logging output above.
24 verbose exit [ 1, true ]
